#
# There is insufficient memory for the Java Runtime Environment to continue.
# Native memory allocation (malloc) failed to allocate 627696 bytes for Chunk::new
# Possible reasons:
#   The system is out of physical RAM or swap space
#   The process is running with CompressedOops enabled, and the Java Heap may be blocking the growth of the native heap
# Possible solutions:
#   Reduce memory load on the system
#   Increase physical memory or swap space
#   Check if swap backing store is full
#   Decrease Java heap size (-Xmx/-Xms)
#   Decrease number of Java threads
#   Decrease Java thread stack sizes (-Xss)
#   Set larger code cache with -XX:ReservedCodeCacheSize=
#   JVM is running with Unscaled Compressed Oops mode in which the Java heap is
#     placed in the first 4GB address space. The Java Heap base address is the
#     maximum limit for the native heap growth. Please use -XX:HeapBaseMinAddress
#     to set the Java Heap base and to place the Java Heap above 4GB virtual address.
# This output file may be truncated or incomplete.
#
#  Out of Memory Error (allocation.cpp:389), pid=1556, tid=0x00000000000014a8
#
# JRE version: OpenJDK Runtime Environment (8.0_242-b01) (build 1.8.0_242-release-1644-b01)
# Java VM: OpenJDK 64-Bit Server VM (25.242-b01 mixed mode windows-amd64 compressed oops)
# Failed to write core dump. Minidumps are not enabled by default on client versions of Windows
#

---------------  T H R E A D  ---------------

Current thread (0x00000000193d6800):  JavaThread "C2 CompilerThread0" daemon [_thread_in_native, id=5288, stack(0x0000000019cb0000,0x0000000019db0000)]

Stack: [0x0000000019cb0000,0x0000000019db0000]
[error occurred during error reporting (printing stack bounds), id 0xc0000005]

Native frames: (J=compiled Java code, j=interpreted, Vv=VM code, C=native code)


Current CompileTask:
C2:  12280 3528       4       groovy.lang.MetaClassImpl$1MOPIter::methodNameAction (325 bytes)


---------------  P R O C E S S  ---------------

Java Threads: ( => current thread )
  0x000000001c0cb800 JavaThread "Cache worker for execution history cache (C:\Users\1Studio\.gradle\caches\6.1.1\executionHistory)" [_thread_blocked, id=37356, stack(0x0000000021d10000,0x0000000021e10000)]
  0x000000001c0cc000 JavaThread "Cache worker for cache directory md-rule (C:\Users\1Studio\.gradle\caches\6.1.1\md-rule)" [_thread_blocked, id=628, stack(0x0000000021c10000,0x0000000021d10000)]
  0x000000001c0ca800 JavaThread "Cache worker for cache directory md-supplier (C:\Users\1Studio\.gradle\caches\6.1.1\md-supplier)" [_thread_blocked, id=16804, stack(0x0000000020680000,0x0000000020780000)]
  0x000000001c0ca000 JavaThread "Cache worker for file hash cache (D:\3em\a_studio_labs\.gradle\6.1.1\fileHashes)" [_thread_blocked, id=12884, stack(0x0000000020940000,0x0000000020a40000)]
  0x000000001c0d0800 JavaThread "Cache worker for checksums cache (D:\3em\a_studio_labs\.gradle\checksums)" [_thread_blocked, id=28836, stack(0x0000000020840000,0x0000000020940000)]
  0x000000001c0d0000 JavaThread "Cache worker for file hash cache (C:\Users\1Studio\.gradle\caches\6.1.1\fileHashes)" [_thread_blocked, id=36516, stack(0x000000001e1e0000,0x000000001e2e0000)]
  0x000000001c0cf000 JavaThread "File lock request listener" [_thread_in_native, id=22196, stack(0x000000001e0e0000,0x000000001e1e0000)]
  0x000000001bee2800 JavaThread "Cache worker for journal cache (C:\Users\1Studio\.gradle\caches\journal-1)" [_thread_blocked, id=30404, stack(0x000000001dfe0000,0x000000001e0e0000)]
  0x000000001bde7800 JavaThread "Thread-9" [_thread_blocked, id=4720, stack(0x000000001dce0000,0x000000001dde0000)]
  0x000000001bdf8000 JavaThread "Stdin handler" [_thread_blocked, id=17300, stack(0x000000001dbe0000,0x000000001dce0000)]
  0x000000001bdf2800 JavaThread "Asynchronous log dispatcher for DefaultDaemonConnection: socket connection from /127.0.0.1:58265 to /127.0.0.1:58266" [_thread_blocked, id=15972, stack(0x000000001d9e0000,0x000000001dae0000)]
  0x000000001bdf9800 JavaThread "Daemon worker" [_thread_in_vm, id=18416, stack(0x000000001d8e0000,0x000000001d9e0000)]
  0x000000001bea3000 JavaThread "Cancel handler" [_thread_blocked, id=37112, stack(0x000000001d7e0000,0x000000001d8e0000)]
  0x000000001aaaa000 JavaThread "Handler for socket connection from /127.0.0.1:58265 to /127.0.0.1:58266" [_thread_in_native, id=22944, stack(0x000000001d4e0000,0x000000001d5e0000)]
  0x000000001aaae000 JavaThread "Daemon" [_thread_blocked, id=1708, stack(0x000000001d3e0000,0x000000001d4e0000)]
  0x000000001bd70000 JavaThread "Daemon periodic checks" [_thread_blocked, id=27112, stack(0x000000001d2e0000,0x000000001d3e0000)]
  0x000000001bd6e800 JavaThread "Incoming local TCP Connector on port 58265" [_thread_in_native, id=33148, stack(0x000000001d090000,0x000000001d190000)]
  0x000000001bd03800 JavaThread "Daemon health stats" [_thread_blocked, id=23896, stack(0x000000001ca50000,0x000000001cb50000)]
  0x0000000019480800 JavaThread "Service Thread" daemon [_thread_blocked, id=33596, stack(0x000000001a0b0000,0x000000001a1b0000)]
  0x00000000193ea000 JavaThread "C1 CompilerThread3" daemon [_thread_blocked, id=22160, stack(0x0000000019fb0000,0x000000001a0b0000)]
  0x00000000193e6000 JavaThread "C2 CompilerThread2" daemon [_thread_in_native, id=32884, stack(0x0000000019eb0000,0x0000000019fb0000)]
  0x00000000193d9800 JavaThread "C2 CompilerThread1" daemon [_thread_in_native, id=17720, stack(0x0000000019db0000,0x0000000019eb0000)]
=>0x00000000193d6800 JavaThread "C2 CompilerThread0" daemon [_thread_in_native, id=5288, stack(0x0000000019cb0000,0x0000000019db0000)]
  0x00000000193cf000 JavaThread "Attach Listener" daemon [_thread_blocked, id=25192, stack(0x0000000019bb0000,0x0000000019cb0000)]
  0x00000000193ce000 JavaThread "Signal Dispatcher" daemon [_thread_blocked, id=36812, stack(0x0000000019ab0000,0x0000000019bb0000)]
  0x000000000256e000 JavaThread "Finalizer" daemon [_thread_blocked, id=22780, stack(0x00000000198a0000,0x00000000199a0000)]
  0x00000000193c0800 JavaThread "Reference Handler" daemon [_thread_blocked, id=21068, stack(0x00000000197a0000,0x00000000198a0000)]
  0x000000000246e800 JavaThread "main" [_thread_blocked, id=22504, stack(0x00000000022a0000,0x00000000023a0000)]

Other Threads:
  0x00000000175d8800 VMThread [stack: 0x00000000192a0000,0x00000000193a0000] [id=31564]
  0x0000000019481800 WatcherThread [stack: 0x000000001a1b0000,0x000000001a2b0000] [id=25992]

VM state:not at safepoint (normal execution)

VM Mutex/Monitor currently owned by a thread: None

heap address: 0x0000000080000000, size: 2048 MB, Compressed Oops mode: 32-bit
Narrow klass base: 0x0000000000000000, Narrow klass shift: 3
Compressed class space size: 1073741824 Address: 0x0000000100000000

Heap:
 PSYoungGen      total 306176K, used 139292K [0x00000000d5580000, 0x00000000eb100000, 0x0000000100000000)
  eden space 293376K, 44% used [0x00000000d5580000,0x00000000dd6485b8,0x00000000e7400000)
  from space 12800K, 57% used [0x00000000e7400000,0x00000000e7b3ee18,0x00000000e8080000)
  to   space 12288K, 0% used [0x00000000ea500000,0x00000000ea500000,0x00000000eb100000)
 ParOldGen       total 128000K, used 13227K [0x0000000080000000, 0x0000000087d00000, 0x00000000d5580000)
  object space 128000K, 10% used [0x0000000080000000,0x0000000080ceacf8,0x0000000087d00000)
 Metaspace       used 36506K, capacity 37600K, committed 37936K, reserved 1081344K
  class space    used 4801K, capacity 5083K, committed 5168K, reserved 1048576K

Card table byte_map: [0x0000000011930000,0x0000000011d40000] byte_map_base: 0x0000000011530000

Marking Bits: (ParMarkBitMap*) 0x000000007513f030
 Begin Bits: [0x00000000127f0000, 0x00000000147f0000)
 End Bits:   [0x00000000147f0000, 0x00000000167f0000)

Polling page: 0x0000000000a20000

CodeCache: size=245760Kb used=12710Kb max_used=12713Kb free=233049Kb
 bounds [0x0000000002570000, 0x00000000031f0000, 0x0000000011570000]
 total_blobs=4063 nmethods=3344 adapters=631
 compilation: enabled

Compilation events (10 events):
Event: 12.272 Thread 0x00000000193ea000 nmethod 3638 0x00000000031de450 code [0x00000000031de5c0, 0x00000000031de7f0]
Event: 12.272 Thread 0x00000000193ea000 3639       3       java.util.regex.Pattern::inRange (16 bytes)
Event: 12.272 Thread 0x00000000193ea000 nmethod 3639 0x00000000031de890 code [0x00000000031de9e0, 0x00000000031debb0]
Event: 12.272 Thread 0x00000000193ea000 3640       3       com.google.common.collect.ImmutableCollection$ArrayBasedBuilder::getReadyToExpandTo (64 bytes)
Event: 12.273 Thread 0x00000000193ea000 nmethod 3640 0x00000000031dec10 code [0x00000000031dedc0, 0x00000000031df308]
Event: 12.273 Thread 0x00000000193ea000 3641       3       sun.reflect.AccessorGenerator::add (5 bytes)
Event: 12.273 Thread 0x00000000193ea000 nmethod 3641 0x00000000031df490 code [0x00000000031df5e0, 0x00000000031df730]
Event: 12.277 Thread 0x00000000193ea000 3642       3       org.gradle.internal.instantiation.generator.AbstractClassGenerator$MethodMetadata::shouldImplement (16 bytes)
Event: 12.277 Thread 0x00000000193ea000 nmethod 3642 0x00000000031df790 code [0x00000000031df900, 0x00000000031dfc90]
Event: 12.279 Thread 0x00000000193ea000 3644       3       org.objectweb.asm.FieldWriter::<init> (69 bytes)

GC Heap History (10 events):
Event: 8.411 GC heap before
{Heap before GC invocations=9 (full 1):
 PSYoungGen      total 125952K, used 122879K [0x00000000d5580000, 0x00000000e2b80000, 0x0000000100000000)
  eden space 113664K, 100% used [0x00000000d5580000,0x00000000dc480000,0x00000000dc480000)
  from space 12288K, 74% used [0x00000000dc480000,0x00000000dcd7fc48,0x00000000dd080000)
  to   space 12288K, 0% used [0x00000000e1f80000,0x00000000e1f80000,0x00000000e2b80000)
 ParOldGen       total 88576K, used 7129K [0x0000000080000000, 0x0000000085680000, 0x00000000d5580000)
  object space 88576K, 8% used [0x0000000080000000,0x00000000806f6740,0x0000000085680000)
 Metaspace       used 34515K, capacity 35378K, committed 35496K, reserved 1079296K
  class space    used 4583K, capacity 4870K, committed 4912K, reserved 1048576K
Event: 8.415 GC heap after
Heap after GC invocations=9 (full 1):
 PSYoungGen      total 206848K, used 5720K [0x00000000d5580000, 0x00000000e2c00000, 0x0000000100000000)
  eden space 194560K, 0% used [0x00000000d5580000,0x00000000d5580000,0x00000000e1380000)
  from space 12288K, 46% used [0x00000000e1f80000,0x00000000e2516070,0x00000000e2b80000)
  to   space 12288K, 0% used [0x00000000e1380000,0x00000000e1380000,0x00000000e1f80000)
 ParOldGen       total 88576K, used 7137K [0x0000000080000000, 0x0000000085680000, 0x00000000d5580000)
  object space 88576K, 8% used [0x0000000080000000,0x00000000806f8740,0x0000000085680000)
 Metaspace       used 34515K, capacity 35378K, committed 35496K, reserved 1079296K
  class space    used 4583K, capacity 4870K, committed 4912K, reserved 1048576K
}
Event: 8.449 GC heap before
{Heap before GC invocations=10 (full 1):
 PSYoungGen      total 206848K, used 13446K [0x00000000d5580000, 0x00000000e2c00000, 0x0000000100000000)
  eden space 194560K, 3% used [0x00000000d5580000,0x00000000d5d0ba40,0x00000000e1380000)
  from space 12288K, 46% used [0x00000000e1f80000,0x00000000e2516070,0x00000000e2b80000)
  to   space 12288K, 0% used [0x00000000e1380000,0x00000000e1380000,0x00000000e1f80000)
 ParOldGen       total 88576K, used 7137K [0x0000000080000000, 0x0000000085680000, 0x00000000d5580000)
  object space 88576K, 8% used [0x0000000080000000,0x00000000806f8740,0x0000000085680000)
 Metaspace       used 34537K, capacity 35386K, committed 35496K, reserved 1079296K
  class space    used 4586K, capacity 4870K, committed 4912K, reserved 1048576K
Event: 8.455 GC heap after
Heap after GC invocations=10 (full 1):
 PSYoungGen      total 206848K, used 320K [0x00000000d5580000, 0x00000000e9300000, 0x0000000100000000)
  eden space 194560K, 0% used [0x00000000d5580000,0x00000000d5580000,0x00000000e1380000)
  from space 12288K, 2% used [0x00000000e1380000,0x00000000e13d0000,0x00000000e1f80000)
  to   space 13312K, 0% used [0x00000000e8600000,0x00000000e8600000,0x00000000e9300000)
 ParOldGen       total 88576K, used 12530K [0x0000000080000000, 0x0000000085680000, 0x00000000d5580000)
  object space 88576K, 14% used [0x0000000080000000,0x0000000080c3c850,0x0000000085680000)
 Metaspace       used 34537K, capacity 35386K, committed 35496K, reserved 1079296K
  class space    used 4586K, capacity 4870K, committed 4912K, reserved 1048576K
}
Event: 8.455 GC heap before
{Heap before GC invocations=11 (full 2):
 PSYoungGen      total 206848K, used 320K [0x00000000d5580000, 0x00000000e9300000, 0x0000000100000000)
  eden space 194560K, 0% used [0x00000000d5580000,0x00000000d5580000,0x00000000e1380000)
  from space 12288K, 2% used [0x00000000e1380000,0x00000000e13d0000,0x00000000e1f80000)
  to   space 13312K, 0% used [0x00000000e8600000,0x00000000e8600000,0x00000000e9300000)
 ParOldGen       total 88576K, used 12530K [0x0000000080000000, 0x0000000085680000, 0x00000000d5580000)
  object space 88576K, 14% used [0x0000000080000000,0x0000000080c3c850,0x0000000085680000)
 Metaspace       used 34537K, capacity 35386K, committed 35496K, reserved 1079296K
  class space    used 4586K, capacity 4870K, committed 4912K, reserved 1048576K
Event: 8.576 GC heap after
Heap after GC invocations=11 (full 2):
 PSYoungGen      total 206848K, used 0K [0x00000000d5580000, 0x00000000e9300000, 0x0000000100000000)
  eden space 194560K, 0% used [0x00000000d5580000,0x00000000d5580000,0x00000000e1380000)
  from space 12288K, 0% used [0x00000000e1380000,0x00000000e1380000,0x00000000e1f80000)
  to   space 13312K, 0% used [0x00000000e8600000,0x00000000e8600000,0x00000000e9300000)
 ParOldGen       total 128000K, used 12244K [0x0000000080000000, 0x0000000087d00000, 0x00000000d5580000)
  object space 128000K, 9% used [0x0000000080000000,0x0000000080bf5200,0x0000000087d00000)
 Metaspace       used 34525K, capacity 35374K, committed 35496K, reserved 1079296K
  class space    used 4582K, capacity 4866K, committed 4912K, reserved 1048576K
}
Event: 10.097 GC heap before
{Heap before GC invocations=12 (full 2):
 PSYoungGen      total 206848K, used 194560K [0x00000000d5580000, 0x00000000e9300000, 0x0000000100000000)
  eden space 194560K, 100% used [0x00000000d5580000,0x00000000e1380000,0x00000000e1380000)
  from space 12288K, 0% used [0x00000000e1380000,0x00000000e1380000,0x00000000e1f80000)
  to   space 13312K, 0% used [0x00000000e8600000,0x00000000e8600000,0x00000000e9300000)
 ParOldGen       total 128000K, used 12244K [0x0000000080000000, 0x0000000087d00000, 0x00000000d5580000)
  object space 128000K, 9% used [0x0000000080000000,0x0000000080bf5200,0x0000000087d00000)
 Metaspace       used 34952K, capacity 35876K, committed 36272K, reserved 1081344K
  class space    used 4623K, capacity 4920K, committed 5040K, reserved 1048576K
Event: 10.101 GC heap after
Heap after GC invocations=12 (full 2):
 PSYoungGen      total 264704K, used 6949K [0x00000000d5580000, 0x00000000e8d00000, 0x0000000100000000)
  eden space 257536K, 0% used [0x00000000d5580000,0x00000000d5580000,0x00000000e5100000)
  from space 7168K, 96% used [0x00000000e8600000,0x00000000e8cc9698,0x00000000e8d00000)
  to   space 12800K, 0% used [0x00000000e7400000,0x00000000e7400000,0x00000000e8080000)
 ParOldGen       total 128000K, used 12252K [0x0000000080000000, 0x0000000087d00000, 0x00000000d5580000)
  object space 128000K, 9% used [0x0000000080000000,0x0000000080bf7200,0x0000000087d00000)
 Metaspace       used 34952K, capacity 35876K, committed 36272K, reserved 1081344K
  class space    used 4623K, capacity 4920K, committed 5040K, reserved 1048576K
}
Event: 11.484 GC heap before
{Heap before GC invocations=13 (full 2):
 PSYoungGen      total 264704K, used 264485K [0x00000000d5580000, 0x00000000e8d00000, 0x0000000100000000)
  eden space 257536K, 100% used [0x00000000d5580000,0x00000000e5100000,0x00000000e5100000)
  from space 7168K, 96% used [0x00000000e8600000,0x00000000e8cc9698,0x00000000e8d00000)
  to   space 12800K, 0% used [0x00000000e7400000,0x00000000e7400000,0x00000000e8080000)
 ParOldGen       total 128000K, used 12252K [0x0000000080000000, 0x0000000087d00000, 0x00000000d5580000)
  object space 128000K, 9% used [0x0000000080000000,0x0000000080bf7200,0x0000000087d00000)
 Metaspace       used 34963K, capacity 35876K, committed 36272K, reserved 1081344K
  class space    used 4623K, capacity 4920K, committed 5040K, reserved 1048576K
Event: 11.489 GC heap after
Heap after GC invocations=13 (full 2):
 PSYoungGen      total 306176K, used 7419K [0x00000000d5580000, 0x00000000eb100000, 0x0000000100000000)
  eden space 293376K, 0% used [0x00000000d5580000,0x00000000d5580000,0x00000000e7400000)
  from space 12800K, 57% used [0x00000000e7400000,0x00000000e7b3ee18,0x00000000e8080000)
  to   space 12288K, 0% used [0x00000000ea500000,0x00000000ea500000,0x00000000eb100000)
 ParOldGen       total 128000K, used 13227K [0x0000000080000000, 0x0000000087d00000, 0x00000000d5580000)
  object space 128000K, 10% used [0x0000000080000000,0x0000000080ceacf8,0x0000000087d00000)
 Metaspace       used 34963K, capacity 35876K, committed 36272K, reserved 1081344K
  class space    used 4623K, capacity 4920K, committed 5040K, reserved 1048576K
}

Deoptimization events (10 events):
Event: 10.251 Thread 0x000000001bdf9800 Uncommon trap: reason=unstable_if action=reinterpret pc=0x00000000030a3e48 method=java.util.zip.ZipInputStream.readLOC()Ljava/util/zip/ZipEntry; @ 103
Event: 11.957 Thread 0x000000001bdf9800 Uncommon trap: reason=unstable_if action=reinterpret pc=0x0000000002768978 method=java.util.ComparableTimSort.countRunAndMakeAscending([Ljava/lang/Object;II)I @ 25
Event: 11.981 Thread 0x000000001bdf9800 Uncommon trap: reason=unstable_if action=reinterpret pc=0x000000000305f9e4 method=groovyjarjarantlr.CharQueue.append(C)V @ 9
Event: 12.091 Thread 0x000000001bdf9800 Uncommon trap: reason=unstable_if action=reinterpret pc=0x0000000002e40280 method=org.objectweb.asm.ByteVector.putShort(I)Lorg/objectweb/asm/ByteVector; @ 13
Event: 12.097 Thread 0x000000001bdf9800 Uncommon trap: reason=class_check action=maybe_recompile pc=0x0000000002f1d448 method=com.google.common.io.ByteStreams.copy(Ljava/io/InputStream;Ljava/io/OutputStream;)J @ 18
Event: 12.129 Thread 0x000000001bdf9800 Uncommon trap: reason=unstable_if action=reinterpret pc=0x00000000026fc5e0 method=sun.misc.URLClassPath$JarLoader.getResource(Ljava/lang/String;ZLjava/util/Set;)Lsun/misc/Resource; @ 17
Event: 12.192 Thread 0x000000001bdf9800 Uncommon trap: reason=predicate action=maybe_recompile pc=0x00000000031736c8 method=java.util.Arrays.binarySearch0([Ljava/lang/Object;IILjava/lang/Object;Ljava/util/Comparator;)I @ 28
Event: 12.257 Thread 0x000000001bdf9800 Uncommon trap: reason=unstable_if action=reinterpret pc=0x0000000003074d70 method=org.codehaus.groovy.runtime.metaclass.MetaMethodIndex.addMethodToList(Ljava/lang/Object;Lgroovy/lang/MetaMethod;)Ljava/lang/Object; @ 226
Event: 12.276 Thread 0x000000001bdf9800 Uncommon trap: reason=unstable_if action=reinterpret pc=0x0000000002c66a54 method=java.util.HashMap.putVal(ILjava/lang/Object;Ljava/lang/Object;ZZ)Ljava/lang/Object; @ 162
Event: 12.278 Thread 0x000000001bdf9800 Uncommon trap: reason=range_check action=make_not_entrant pc=0x0000000002ba1d18 method=java.lang.String.charAt(I)C @ 27

Classes redefined (0 events):
No events

Internal exceptions (10 events):
Event: 12.230 Thread 0x000000001bdf9800 Exception <a 'java/lang/ClassNotFoundException': org/jetbrains/plugins/gradle/tooling/builder/ExternalTestsModelBuilderImplBeanInfo> (0x00000000dceffdc8) thrown at [C:\src\AOSP-openjdk-git\hotspot\src\share\vm\classfile\systemDictionary.cpp, line 210]
Event: 12.230 Thread 0x000000001bdf9800 Exception <a 'java/lang/ClassNotFoundException': org/jetbrains/plugins/gradle/tooling/builder/ExternalTestsModelBuilderImplCustomizer> (0x00000000dcf0eaf8) thrown at [C:\src\AOSP-openjdk-git\hotspot\src\share\vm\classfile\systemDictionary.cpp, line 210]
Event: 12.246 Thread 0x000000001bdf9800 Exception <a 'java/lang/ClassNotFoundException': org/jetbrains/plugins/gradle/tooling/builder/ProjectExtensionsDataBuilderImplBeanInfo> (0x00000000dd1ab848) thrown at [C:\src\AOSP-openjdk-git\hotspot\src\share\vm\classfile\systemDictionary.cpp, line 210]
Event: 12.246 Thread 0x000000001bdf9800 Exception <a 'java/lang/ClassNotFoundException': org/jetbrains/plugins/gradle/tooling/builder/ProjectExtensionsDataBuilderImplCustomizer> (0x00000000dd1ba898) thrown at [C:\src\AOSP-openjdk-git\hotspot\src\share\vm\classfile\systemDictionary.cpp, line 210
Event: 12.248 Thread 0x000000001bdf9800 Exception <a 'java/lang/ClassNotFoundException': org/jetbrains/plugins/gradle/tooling/builder/IntelliJSettingsBuilderBeanInfo> (0x00000000dd1fa238) thrown at [C:\src\AOSP-openjdk-git\hotspot\src\share\vm\classfile\systemDictionary.cpp, line 210]
Event: 12.248 Thread 0x000000001bdf9800 Exception <a 'java/lang/ClassNotFoundException': org/jetbrains/plugins/gradle/tooling/builder/IntelliJSettingsBuilderCustomizer> (0x00000000dd208860) thrown at [C:\src\AOSP-openjdk-git\hotspot\src\share\vm\classfile\systemDictionary.cpp, line 210]
Event: 12.250 Thread 0x000000001bdf9800 Exception <a 'java/lang/ClassNotFoundException': org/jetbrains/plugins/gradle/tooling/builder/IntelliJProjectSettingsBuilderBeanInfo> (0x00000000dd249250) thrown at [C:\src\AOSP-openjdk-git\hotspot\src\share\vm\classfile\systemDictionary.cpp, line 210]
Event: 12.250 Thread 0x000000001bdf9800 Exception <a 'java/lang/ClassNotFoundException': org/jetbrains/plugins/gradle/tooling/builder/IntelliJProjectSettingsBuilderCustomizer> (0x00000000dd258120) thrown at [C:\src\AOSP-openjdk-git\hotspot\src\share\vm\classfile\systemDictionary.cpp, line 210]
Event: 12.261 Thread 0x000000001bdf9800 Exception <a 'java/lang/ClassNotFoundException': java/util/concurrent/CopyOnWriteArrayListBeanInfo> (0x00000000dd409900) thrown at [C:\src\AOSP-openjdk-git\hotspot\src\share\vm\classfile\systemDictionary.cpp, line 210]
Event: 12.262 Thread 0x000000001bdf9800 Exception <a 'java/lang/ClassNotFoundException': java/util/concurrent/CopyOnWriteArrayListCustomizer> (0x00000000dd411db8) thrown at [C:\src\AOSP-openjdk-git\hotspot\src\share\vm\classfile\systemDictionary.cpp, line 210]

Events (10 events):
Event: 12.276 Thread 0x000000001bdf9800 Uncommon trap: trap_request=0xffffff65 fr.pc=0x0000000002c66a54
Event: 12.276 Thread 0x000000001bdf9800 DEOPT PACKING pc=0x0000000002c66a54 sp=0x000000001d9db2d0
Event: 12.276 Thread 0x000000001bdf9800 DEOPT UNPACKING pc=0x00000000025b557b sp=0x000000001d9db238 mode 2
Event: 12.276 loading class org/gradle/initialization/IncludedBuildSpec
Event: 12.276 loading class org/gradle/initialization/IncludedBuildSpec done
Event: 12.278 Thread 0x000000001bdf9800 Uncommon trap: trap_request=0xffffffe4 fr.pc=0x0000000002ba1d18
Event: 12.278 Thread 0x000000001bdf9800 DEOPT PACKING pc=0x0000000002ba1d18 sp=0x000000001d9db420
Event: 12.278 Thread 0x000000001bdf9800 DEOPT UNPACKING pc=0x00000000025b557b sp=0x000000001d9db310 mode 2
Event: 12.278 Executing VM operation: ForceSafepoint
Event: 12.279 Executing VM operation: ForceSafepoint done


Dynamic libraries:
0x00007ff79ef30000 - 0x00007ff79ef61000 	D:\3em\vl\jre\bin\java.exe
0x00007ffb7b0a0000 - 0x00007ffb7b290000 	C:\WINDOWS\SYSTEM32\ntdll.dll
0x00007ffb59cc0000 - 0x00007ffb59cd3000 	C:\Program Files\AVAST Software\Avast\aswhook.dll
0x00007ffb79410000 - 0x00007ffb794c2000 	C:\WINDOWS\System32\KERNEL32.DLL
0x00007ffb780e0000 - 0x00007ffb78383000 	C:\WINDOWS\System32\KERNELBASE.dll
0x00007ffb76150000 - 0x00007ffb761df000 	C:\WINDOWS\SYSTEM32\apphelp.dll
0x00007ffb7ac80000 - 0x00007ffb7ad23000 	C:\WINDOWS\System32\ADVAPI32.dll
0x00007ffb79150000 - 0x00007ffb791ee000 	C:\WINDOWS\System32\msvcrt.dll
0x00007ffb795b0000 - 0x00007ffb79647000 	C:\WINDOWS\System32\sechost.dll
0x00007ffb7ad30000 - 0x00007ffb7ae50000 	C:\WINDOWS\System32\RPCRT4.dll
0x00007ffb791f0000 - 0x00007ffb79384000 	C:\WINDOWS\System32\USER32.dll
0x00007ffb780b0000 - 0x00007ffb780d1000 	C:\WINDOWS\System32\win32u.dll
0x00007ffb79e30000 - 0x00007ffb79e56000 	C:\WINDOWS\System32\GDI32.dll
0x00007ffb78fb0000 - 0x00007ffb79144000 	C:\WINDOWS\System32\gdi32full.dll
0x00007ffb78490000 - 0x00007ffb7852e000 	C:\WINDOWS\System32\msvcp_win.dll
0x00007ffb78590000 - 0x00007ffb7868a000 	C:\WINDOWS\System32\ucrtbase.dll
0x00007ffb67b00000 - 0x00007ffb67d85000 	C:\WINDOWS\WinSxS\amd64_microsoft.windows.common-controls_6595b64144ccf1df_6.0.18362.778_none_e6c6b761130d4fb8\COMCTL32.dll
0x00007ffb79af0000 - 0x00007ffb79e26000 	C:\WINDOWS\System32\combase.dll
0x00007ffb78030000 - 0x00007ffb780b0000 	C:\WINDOWS\System32\bcryptPrimitives.dll
0x00007ffb79650000 - 0x00007ffb7967e000 	C:\WINDOWS\System32\IMM32.DLL
0x0000000050410000 - 0x00000000504e2000 	D:\3em\vl\jre\jre\bin\msvcr100.dll
0x0000000074970000 - 0x00000000751bb000 	D:\3em\vl\jre\jre\bin\server\jvm.dll
0x00007ffb7a920000 - 0x00007ffb7a928000 	C:\WINDOWS\System32\PSAPI.DLL
0x00007ffb6fef0000 - 0x00007ffb6fef9000 	C:\WINDOWS\SYSTEM32\WSOCK32.dll
0x00007ffb79f30000 - 0x00007ffb79f9f000 	C:\WINDOWS\System32\WS2_32.dll
0x00007ffb6ada0000 - 0x00007ffb6adc4000 	C:\WINDOWS\SYSTEM32\WINMM.dll
0x00007ffb742f0000 - 0x00007ffb742fa000 	C:\WINDOWS\SYSTEM32\VERSION.dll
0x00007ffb6ad00000 - 0x00007ffb6ad2d000 	C:\WINDOWS\SYSTEM32\WINMMBASE.dll
0x00007ffb78f60000 - 0x00007ffb78faa000 	C:\WINDOWS\System32\cfgmgr32.dll
0x00007ffb73ee0000 - 0x00007ffb73eef000 	D:\3em\vl\jre\jre\bin\verify.dll
0x00007ffb66020000 - 0x00007ffb66049000 	D:\3em\vl\jre\jre\bin\java.dll
0x00007ffb71c70000 - 0x00007ffb71c86000 	D:\3em\vl\jre\jre\bin\zip.dll
0x00007ffb7a0c0000 - 0x00007ffb7a7a5000 	C:\WINDOWS\System32\SHELL32.dll
0x00007ffb7ab00000 - 0x00007ffb7aba9000 	C:\WINDOWS\System32\shcore.dll
0x00007ffb787e0000 - 0x00007ffb78f60000 	C:\WINDOWS\System32\windows.storage.dll
0x00007ffb77fb0000 - 0x00007ffb77fd3000 	C:\WINDOWS\System32\profapi.dll
0x00007ffb77fe0000 - 0x00007ffb7802a000 	C:\WINDOWS\System32\powrprof.dll
0x00007ffb77f60000 - 0x00007ffb77f70000 	C:\WINDOWS\System32\UMPDC.dll
0x00007ffb79ed0000 - 0x00007ffb79f22000 	C:\WINDOWS\System32\shlwapi.dll
0x00007ffb77f70000 - 0x00007ffb77f81000 	C:\WINDOWS\System32\kernel.appcore.dll
0x00007ffb78470000 - 0x00007ffb78487000 	C:\WINDOWS\System32\cryptsp.dll
0x00007ffb6c440000 - 0x00007ffb6c45a000 	D:\3em\vl\jre\jre\bin\net.dll
0x00007ffb77770000 - 0x00007ffb777d7000 	C:\WINDOWS\system32\mswsock.dll
0x00007ffb6aee0000 - 0x00007ffb6aef3000 	D:\3em\vl\jre\jre\bin\nio.dll
0x00007ffb66220000 - 0x00007ffb66246000 	C:\Users\1Studio\.gradle\native\31\windows-amd64\native-platform.dll
0x00007ffb72440000 - 0x00007ffb7244d000 	D:\3em\vl\jre\jre\bin\management.dll
0x00007ffb772e0000 - 0x00007ffb77313000 	C:\WINDOWS\system32\rsaenh.dll
0x00007ffb78390000 - 0x00007ffb783b6000 	C:\WINDOWS\System32\bcrypt.dll
0x00007ffb77e80000 - 0x00007ffb77ea5000 	C:\WINDOWS\SYSTEM32\USERENV.dll
0x00007ffb77940000 - 0x00007ffb7794c000 	C:\WINDOWS\SYSTEM32\CRYPTBASE.dll
0x00007ffb77480000 - 0x00007ffb774ba000 	C:\WINDOWS\SYSTEM32\IPHLPAPI.DLL
0x00007ffb7a910000 - 0x00007ffb7a918000 	C:\WINDOWS\System32\NSI.dll
0x00007ffb737d0000 - 0x00007ffb737e6000 	C:\WINDOWS\SYSTEM32\dhcpcsvc6.DLL
0x00007ffb73390000 - 0x00007ffb733ac000 	C:\WINDOWS\SYSTEM32\dhcpcsvc.DLL
0x00007ffb774c0000 - 0x00007ffb7758a000 	C:\WINDOWS\SYSTEM32\DNSAPI.dll

VM Arguments:
jvm_args: -Xmx2048m -Dfile.encoding=windows-1251 -Duser.country=RU -Duser.language=ru -Duser.variant 
java_command: org.gradle.launcher.daemon.bootstrap.GradleDaemon 6.1.1
java_class_path (initial): C:\Users\1Studio\.gradle\wrapper\dists\gradle-6.1.1-all\cfmwm155h49vnt3hynmlrsdst\gradle-6.1.1\lib\gradle-launcher-6.1.1.jar
Launcher Type: SUN_STANDARD

Environment Variables:
PATH=C:\Program Files (x86)\Google\Chrome\Application;C:\Program Files (x86)\Common Files\Oracle\Java\javapath;C:\ProgramData\Oracle\Java\javapath;C:\Program Files (x86)\Common Files\Intel\Shared Libraries\redist\intel64\compiler;C:\WINDOWS\system32;C:\WINDOWS;C:\WINDOWS\System32\Wbem;C:\WINDOWS\System32\WindowsPowerShell\v1.0\;C:\Program Files\Common Files\Autodesk Shared\;C:\Program Files (x86)\Autodesk\Backburner\;C:\Program Files (x86)\GtkSharp\2.12\bin;C:\QuickTime\QTSystem\;C:\WINDOWS\System32\OpenSSH\;C:\Program Files\nodejs\;C:\Users\1Studio\AppData\Local\Microsoft\WindowsApps;;D:\Programs\Microsoft VS Code\bin;C:\Users\1Studio\AppData\Roaming\npm
USERNAME=1Studio
OS=Windows_NT
PROCESSOR_IDENTIFIER=Intel64 Family 6 Model 60 Stepping 3, GenuineIntel



---------------  S Y S T E M  ---------------

OS: Windows 10.0 , 64 bit Build 18362 (10.0.18362.778)

CPU:total 8 (initial active 8) (4 cores per cpu, 2 threads per core) family 6 model 60 stepping 3, cmov, cx8, fxsr, mmx, sse, sse2, sse3, ssse3, sse4.1, sse4.2, popcnt, avx, avx2, aes, clmul, erms, lzcnt, ht, tsc, tscinvbit, bmi1, bmi2

Memory: 4k page, physical 16718680k(3743188k free), swap 31185796k(8k free)

vm_info: OpenJDK 64-Bit Server VM (25.242-b01) for windows-amd64 JRE (1.8.0_242-release-1644-b01), built by "builder" with MS VC++ 10.0 (VS2010)

time: Fri May 29 04:52:23 2020
timezone: RTZ 2 (зима)
elapsed time: 12 seconds (0d 0h 0m 12s)

