#
# There is insufficient memory for the Java Runtime Environment to continue.
# Native memory allocation (malloc) failed to allocate 1990816 bytes for Chunk::new
# Possible reasons:
#   The system is out of physical RAM or swap space
#   The process is running with CompressedOops enabled, and the Java Heap may be blocking the growth of the native heap
# Possible solutions:
#   Reduce memory load on the system
#   Increase physical memory or swap space
#   Check if swap backing store is full
#   Decrease Java heap size (-Xmx/-Xms)
#   Decrease number of Java threads
#   Decrease Java thread stack sizes (-Xss)
#   Set larger code cache with -XX:ReservedCodeCacheSize=
#   JVM is running with Unscaled Compressed Oops mode in which the Java heap is
#     placed in the first 4GB address space. The Java Heap base address is the
#     maximum limit for the native heap growth. Please use -XX:HeapBaseMinAddress
#     to set the Java Heap base and to place the Java Heap above 4GB virtual address.
# This output file may be truncated or incomplete.
#
#  Out of Memory Error (allocation.cpp:389), pid=34492, tid=0x0000000000007d10
#
# JRE version: OpenJDK Runtime Environment (8.0_242-b01) (build 1.8.0_242-release-1644-b01)
# Java VM: OpenJDK 64-Bit Server VM (25.242-b01 mixed mode windows-amd64 compressed oops)
# Failed to write core dump. Minidumps are not enabled by default on client versions of Windows
#

---------------  T H R E A D  ---------------

Current thread (0x0000000019486800):  JavaThread "C2 CompilerThread1" daemon [_thread_in_native, id=32016, stack(0x0000000019e60000,0x0000000019f60000)]

Stack: [0x0000000019e60000,0x0000000019f60000]
[error occurred during error reporting (printing stack bounds), id 0xc0000005]

Native frames: (J=compiled Java code, j=interpreted, Vv=VM code, C=native code)


Current CompileTask:
C2:   4319 3458       4       java.security.SecureClassLoader::defineClass (16 bytes)


---------------  P R O C E S S  ---------------

Java Threads: ( => current thread )
  0x000000001c0dd000 JavaThread "Cache worker for execution history cache (C:\Users\1Studio\.gradle\caches\6.1.1\executionHistory)" [_thread_blocked, id=9768, stack(0x0000000021e70000,0x0000000021f70000)]
  0x000000001c0e0000 JavaThread "Cache worker for cache directory md-rule (C:\Users\1Studio\.gradle\caches\6.1.1\md-rule)" [_thread_blocked, id=1356, stack(0x0000000020cd0000,0x0000000020dd0000)]
  0x000000001c0dc800 JavaThread "Cache worker for cache directory md-supplier (C:\Users\1Studio\.gradle\caches\6.1.1\md-supplier)" [_thread_blocked, id=16804, stack(0x0000000020730000,0x0000000020830000)]
  0x000000001c0df800 JavaThread "Cache worker for file hash cache (D:\3em\a_studio_labs\.gradle\6.1.1\fileHashes)" [_thread_blocked, id=20636, stack(0x00000000209d0000,0x0000000020ad0000)]
  0x000000001c0da000 JavaThread "Cache worker for checksums cache (D:\3em\a_studio_labs\.gradle\checksums)" [_thread_blocked, id=3828, stack(0x00000000208d0000,0x00000000209d0000)]
  0x000000001c0db000 JavaThread "Cache worker for file hash cache (C:\Users\1Studio\.gradle\caches\6.1.1\fileHashes)" [_thread_blocked, id=31636, stack(0x000000001e290000,0x000000001e390000)]
  0x000000001c0de800 JavaThread "File lock request listener" [_thread_in_native, id=6476, stack(0x000000001e190000,0x000000001e290000)]
  0x000000001c072800 JavaThread "Cache worker for journal cache (C:\Users\1Studio\.gradle\caches\journal-1)" [_thread_blocked, id=18704, stack(0x000000001e090000,0x000000001e190000)]
  0x000000001c020800 JavaThread "Thread-9" [_thread_blocked, id=21300, stack(0x000000001dd90000,0x000000001de90000)]
  0x000000001c01d800 JavaThread "Stdin handler" [_thread_blocked, id=24492, stack(0x000000001dc90000,0x000000001dd90000)]
  0x000000001c027000 JavaThread "Asynchronous log dispatcher for DefaultDaemonConnection: socket connection from /127.0.0.1:59532 to /127.0.0.1:59533" [_thread_blocked, id=20584, stack(0x000000001da90000,0x000000001db90000)]
  0x000000001c025800 JavaThread "Daemon worker" [_thread_in_Java, id=15972, stack(0x000000001d990000,0x000000001da90000)]
  0x000000001bec3000 JavaThread "Cancel handler" [_thread_blocked, id=628, stack(0x000000001d890000,0x000000001d990000)]
  0x000000001be91000 JavaThread "Handler for socket connection from /127.0.0.1:59532 to /127.0.0.1:59533" [_thread_in_native, id=8884, stack(0x000000001d590000,0x000000001d690000)]
  0x000000001bf72000 JavaThread "Daemon" [_thread_blocked, id=37748, stack(0x000000001d490000,0x000000001d590000)]
  0x000000001bf67000 JavaThread "Daemon periodic checks" [_thread_blocked, id=9840, stack(0x000000001d390000,0x000000001d490000)]
  0x000000001bf37800 JavaThread "Incoming local TCP Connector on port 59532" [_thread_in_native, id=17880, stack(0x000000001d140000,0x000000001d240000)]
  0x000000001be2e000 JavaThread "Daemon health stats" [_thread_blocked, id=19844, stack(0x000000001cb00000,0x000000001cc00000)]
  0x000000001952e000 JavaThread "Service Thread" daemon [_thread_blocked, id=22256, stack(0x000000001a160000,0x000000001a260000)]
  0x0000000019493800 JavaThread "C1 CompilerThread3" daemon [_thread_blocked, id=9992, stack(0x000000001a060000,0x000000001a160000)]
  0x000000001948c800 JavaThread "C2 CompilerThread2" daemon [_thread_in_native, id=18864, stack(0x0000000019f60000,0x000000001a060000)]
=>0x0000000019486800 JavaThread "C2 CompilerThread1" daemon [_thread_in_native, id=32016, stack(0x0000000019e60000,0x0000000019f60000)]
  0x0000000019483800 JavaThread "C2 CompilerThread0" daemon [_thread_in_native, id=19920, stack(0x0000000019d60000,0x0000000019e60000)]
  0x000000001947f000 JavaThread "Attach Listener" daemon [_thread_blocked, id=16984, stack(0x0000000019c60000,0x0000000019d60000)]
  0x000000001947e000 JavaThread "Signal Dispatcher" daemon [_thread_blocked, id=32404, stack(0x0000000019b60000,0x0000000019c60000)]
  0x000000000261e000 JavaThread "Finalizer" daemon [_thread_blocked, id=25784, stack(0x0000000019950000,0x0000000019a50000)]
  0x0000000019470800 JavaThread "Reference Handler" daemon [_thread_blocked, id=30968, stack(0x0000000019850000,0x0000000019950000)]
  0x00000000024ee800 JavaThread "main" [_thread_blocked, id=23892, stack(0x00000000023d0000,0x00000000024d0000)]

Other Threads:
  0x0000000017688800 VMThread [stack: 0x0000000019350000,0x0000000019450000] [id=16624]
  0x000000001952e800 WatcherThread [stack: 0x000000001a260000,0x000000001a360000] [id=32500]

VM state:not at safepoint (normal execution)

VM Mutex/Monitor currently owned by a thread: None

heap address: 0x0000000080000000, size: 2048 MB, Compressed Oops mode: 32-bit
Narrow klass base: 0x0000000000000000, Narrow klass shift: 3
Compressed class space size: 1073741824 Address: 0x0000000100000000

Heap:
 PSYoungGen      total 116224K, used 20563K [0x00000000d5580000, 0x00000000dd380000, 0x0000000100000000)
  eden space 105472K, 9% used [0x00000000d5580000,0x00000000d5f1cd28,0x00000000dbc80000)
  from space 10752K, 99% used [0x00000000dc900000,0x00000000dd3780e8,0x00000000dd380000)
  to   space 11776K, 0% used [0x00000000dbc80000,0x00000000dbc80000,0x00000000dc800000)
 ParOldGen       total 96256K, used 15485K [0x0000000080000000, 0x0000000085e00000, 0x00000000d5580000)
  object space 96256K, 16% used [0x0000000080000000,0x0000000080f1f740,0x0000000085e00000)
 Metaspace       used 42641K, capacity 43884K, committed 44208K, reserved 1087488K
  class space    used 5724K, capacity 6037K, committed 6064K, reserved 1048576K

Card table byte_map: [0x00000000119e0000,0x0000000011df0000] byte_map_base: 0x00000000115e0000

Marking Bits: (ParMarkBitMap*) 0x000000007513f030
 Begin Bits: [0x00000000128a0000, 0x00000000148a0000)
 End Bits:   [0x00000000148a0000, 0x00000000168a0000)

Polling page: 0x0000000000950000

CodeCache: size=245760Kb used=13896Kb max_used=13907Kb free=231863Kb
 bounds [0x0000000002620000, 0x00000000033c0000, 0x0000000011620000]
 total_blobs=4365 nmethods=3593 adapters=684
 compilation: enabled

Compilation events (10 events):
Event: 4.315 Thread 0x0000000019493800 3595       3       java.math.BigInteger::testBit (38 bytes)
Event: 4.315 Thread 0x0000000019493800 nmethod 3595 0x00000000033b2fd0 code [0x00000000033b3160, 0x00000000033b3458]
Event: 4.316 Thread 0x000000001948c800 nmethod 3593 0x00000000033b1790 code [0x00000000033b18c0, 0x00000000033b1a18]
Event: 4.316 Thread 0x000000001948c800 3589       4       sun.security.util.math.intpoly.IntegerPolynomialP256::carryReduce (454 bytes)
Event: 4.316 Thread 0x0000000019493800 3596       3       java.math.BigInteger::longValue (32 bytes)
Event: 4.317 Thread 0x0000000019493800 nmethod 3596 0x00000000033b1290 code [0x00000000033b1400, 0x00000000033b1688]
Event: 4.317 Thread 0x0000000019493800 3597       3       java.math.MutableBigInteger::unsignedLongCompare (20 bytes)
Event: 4.317 Thread 0x0000000019493800 nmethod 3597 0x00000000033b0ed0 code [0x00000000033b1020, 0x00000000033b11f0]
Event: 4.317 Thread 0x000000001948c800 nmethod 3589 0x00000000033b0990 code [0x00000000033b0ac0, 0x00000000033b0d98]
Event: 4.317 Thread 0x000000001948c800 3598       4       sun.security.util.math.intpoly.IntegerPolynomial$MutableElement::setSum (84 bytes)

GC Heap History (10 events):
Event: 2.564 GC heap before
{Heap before GC invocations=6 (full 1):
 PSYoungGen      total 76288K, used 65536K [0x00000000d5580000, 0x00000000daa80000, 0x0000000100000000)
  eden space 65536K, 100% used [0x00000000d5580000,0x00000000d9580000,0x00000000d9580000)
  from space 10752K, 0% used [0x00000000da000000,0x00000000da000000,0x00000000daa80000)
  to   space 10752K, 0% used [0x00000000d9580000,0x00000000d9580000,0x00000000da000000)
 ParOldGen       total 96256K, used 7183K [0x0000000080000000, 0x0000000085e00000, 0x00000000d5580000)
  object space 96256K, 7% used [0x0000000080000000,0x0000000080703ea8,0x0000000085e00000)
 Metaspace       used 28032K, capacity 28752K, committed 28976K, reserved 1075200K
  class space    used 3868K, capacity 4107K, committed 4144K, reserved 1048576K
Event: 2.568 GC heap after
Heap after GC invocations=6 (full 1):
 PSYoungGen      total 76288K, used 7858K [0x00000000d5580000, 0x00000000dd500000, 0x0000000100000000)
  eden space 65536K, 0% used [0x00000000d5580000,0x00000000d5580000,0x00000000d9580000)
  from space 10752K, 73% used [0x00000000d9580000,0x00000000d9d2cb48,0x00000000da000000)
  to   space 12288K, 0% used [0x00000000dc900000,0x00000000dc900000,0x00000000dd500000)
 ParOldGen       total 96256K, used 7191K [0x0000000080000000, 0x0000000085e00000, 0x00000000d5580000)
  object space 96256K, 7% used [0x0000000080000000,0x0000000080705ea8,0x0000000085e00000)
 Metaspace       used 28032K, capacity 28752K, committed 28976K, reserved 1075200K
  class space    used 3868K, capacity 4107K, committed 4144K, reserved 1048576K
}
Event: 2.995 GC heap before
{Heap before GC invocations=7 (full 1):
 PSYoungGen      total 76288K, used 73394K [0x00000000d5580000, 0x00000000dd500000, 0x0000000100000000)
  eden space 65536K, 100% used [0x00000000d5580000,0x00000000d9580000,0x00000000d9580000)
  from space 10752K, 73% used [0x00000000d9580000,0x00000000d9d2cb48,0x00000000da000000)
  to   space 12288K, 0% used [0x00000000dc900000,0x00000000dc900000,0x00000000dd500000)
 ParOldGen       total 96256K, used 7191K [0x0000000080000000, 0x0000000085e00000, 0x00000000d5580000)
  object space 96256K, 7% used [0x0000000080000000,0x0000000080705ea8,0x0000000085e00000)
 Metaspace       used 32101K, capacity 33078K, committed 33328K, reserved 1077248K
  class space    used 4354K, capacity 4628K, committed 4656K, reserved 1048576K
Event: 3.002 GC heap after
Heap after GC invocations=7 (full 1):
 PSYoungGen      total 116224K, used 8237K [0x00000000d5580000, 0x00000000dd380000, 0x0000000100000000)
  eden space 105472K, 0% used [0x00000000d5580000,0x00000000d5580000,0x00000000dbc80000)
  from space 10752K, 76% used [0x00000000dc900000,0x00000000dd10b430,0x00000000dd380000)
  to   space 11776K, 0% used [0x00000000dbc80000,0x00000000dbc80000,0x00000000dc800000)
 ParOldGen       total 96256K, used 7199K [0x0000000080000000, 0x0000000085e00000, 0x00000000d5580000)
  object space 96256K, 7% used [0x0000000080000000,0x0000000080707ea8,0x0000000085e00000)
 Metaspace       used 32101K, capacity 33078K, committed 33328K, reserved 1077248K
  class space    used 4354K, capacity 4628K, committed 4656K, reserved 1048576K
}
Event: 3.229 GC heap before
{Heap before GC invocations=8 (full 1):
 PSYoungGen      total 116224K, used 33582K [0x00000000d5580000, 0x00000000dd380000, 0x0000000100000000)
  eden space 105472K, 24% used [0x00000000d5580000,0x00000000d6e406e8,0x00000000dbc80000)
  from space 10752K, 76% used [0x00000000dc900000,0x00000000dd10b430,0x00000000dd380000)
  to   space 11776K, 0% used [0x00000000dbc80000,0x00000000dbc80000,0x00000000dc800000)
 ParOldGen       total 96256K, used 7199K [0x0000000080000000, 0x0000000085e00000, 0x00000000d5580000)
  object space 96256K, 7% used [0x0000000080000000,0x0000000080707ea8,0x0000000085e00000)
 Metaspace       used 34407K, capacity 35424K, committed 35496K, reserved 1079296K
  class space    used 4610K, capacity 4873K, committed 4912K, reserved 1048576K
Event: 3.235 GC heap after
Heap after GC invocations=8 (full 1):
 PSYoungGen      total 117248K, used 8228K [0x00000000d5580000, 0x00000000dd380000, 0x0000000100000000)
  eden space 105472K, 0% used [0x00000000d5580000,0x00000000d5580000,0x00000000dbc80000)
  from space 11776K, 69% used [0x00000000dbc80000,0x00000000dc4890e8,0x00000000dc800000)
  to   space 10752K, 0% used [0x00000000dc900000,0x00000000dc900000,0x00000000dd380000)
 ParOldGen       total 96256K, used 7207K [0x0000000080000000, 0x0000000085e00000, 0x00000000d5580000)
  object space 96256K, 7% used [0x0000000080000000,0x0000000080709ea8,0x0000000085e00000)
 Metaspace       used 34407K, capacity 35424K, committed 35496K, reserved 1079296K
  class space    used 4610K, capacity 4873K, committed 4912K, reserved 1048576K
}
Event: 3.235 GC heap before
{Heap before GC invocations=9 (full 2):
 PSYoungGen      total 117248K, used 8228K [0x00000000d5580000, 0x00000000dd380000, 0x0000000100000000)
  eden space 105472K, 0% used [0x00000000d5580000,0x00000000d5580000,0x00000000dbc80000)
  from space 11776K, 69% used [0x00000000dbc80000,0x00000000dc4890e8,0x00000000dc800000)
  to   space 10752K, 0% used [0x00000000dc900000,0x00000000dc900000,0x00000000dd380000)
 ParOldGen       total 96256K, used 7207K [0x0000000080000000, 0x0000000085e00000, 0x00000000d5580000)
  object space 96256K, 7% used [0x0000000080000000,0x0000000080709ea8,0x0000000085e00000)
 Metaspace       used 34407K, capacity 35424K, committed 35496K, reserved 1079296K
  class space    used 4610K, capacity 4873K, committed 4912K, reserved 1048576K
Event: 3.270 GC heap after
Heap after GC invocations=9 (full 2):
 PSYoungGen      total 117248K, used 0K [0x00000000d5580000, 0x00000000dd380000, 0x0000000100000000)
  eden space 105472K, 0% used [0x00000000d5580000,0x00000000d5580000,0x00000000dbc80000)
  from space 11776K, 0% used [0x00000000dbc80000,0x00000000dbc80000,0x00000000dc800000)
  to   space 10752K, 0% used [0x00000000dc900000,0x00000000dc900000,0x00000000dd380000)
 ParOldGen       total 96256K, used 14822K [0x0000000080000000, 0x0000000085e00000, 0x00000000d5580000)
  object space 96256K, 15% used [0x0000000080000000,0x0000000080e79bb8,0x0000000085e00000)
 Metaspace       used 34407K, capacity 35424K, committed 35496K, reserved 1079296K
  class space    used 4610K, capacity 4873K, committed 4912K, reserved 1048576K
}
Event: 4.110 GC heap before
{Heap before GC invocations=10 (full 2):
 PSYoungGen      total 117248K, used 105472K [0x00000000d5580000, 0x00000000dd380000, 0x0000000100000000)
  eden space 105472K, 100% used [0x00000000d5580000,0x00000000dbc80000,0x00000000dbc80000)
  from space 11776K, 0% used [0x00000000dbc80000,0x00000000dbc80000,0x00000000dc800000)
  to   space 10752K, 0% used [0x00000000dc900000,0x00000000dc900000,0x00000000dd380000)
 ParOldGen       total 96256K, used 14822K [0x0000000080000000, 0x0000000085e00000, 0x00000000d5580000)
  object space 96256K, 15% used [0x0000000080000000,0x0000000080e79bb8,0x0000000085e00000)
 Metaspace       used 40904K, capacity 42132K, committed 42288K, reserved 1085440K
  class space    used 5529K, capacity 5841K, committed 5936K, reserved 1048576K
Event: 4.117 GC heap after
Heap after GC invocations=10 (full 2):
 PSYoungGen      total 116224K, used 10720K [0x00000000d5580000, 0x00000000dd380000, 0x0000000100000000)
  eden space 105472K, 0% used [0x00000000d5580000,0x00000000d5580000,0x00000000dbc80000)
  from space 10752K, 99% used [0x00000000dc900000,0x00000000dd3780e8,0x00000000dd380000)
  to   space 11776K, 0% used [0x00000000dbc80000,0x00000000dbc80000,0x00000000dc800000)
 ParOldGen       total 96256K, used 15485K [0x0000000080000000, 0x0000000085e00000, 0x00000000d5580000)
  object space 96256K, 16% used [0x0000000080000000,0x0000000080f1f740,0x0000000085e00000)
 Metaspace       used 40904K, capacity 42132K, committed 42288K, reserved 1085440K
  class space    used 5529K, capacity 5841K, committed 5936K, reserved 1048576K
}

Deoptimization events (10 events):
Event: 4.065 Thread 0x000000001c025800 Uncommon trap: reason=unstable_if action=reinterpret pc=0x0000000002b505fc method=java.util.concurrent.ConcurrentHashMap.transfer([Ljava/util/concurrent/ConcurrentHashMap$Node;[Ljava/util/concurrent/ConcurrentHashMap$Node;)V @ 356
Event: 4.126 Thread 0x000000001c025800 Uncommon trap: reason=unstable_if action=reinterpret pc=0x000000000296e134 method=java.net.URI$Parser.scan(IILjava/lang/String;Ljava/lang/String;)I @ 23
Event: 4.151 Thread 0x000000001c025800 Uncommon trap: reason=unstable_if action=reinterpret pc=0x0000000003296ee0 method=java.lang.CharacterDataLatin1.digit(II)I @ 82
Event: 4.151 Thread 0x000000001c025800 Uncommon trap: reason=unstable_if action=reinterpret pc=0x0000000003292a5c method=java.lang.CharacterDataLatin1.digit(II)I @ 82
Event: 4.231 Thread 0x000000001c025800 Uncommon trap: reason=unstable_if action=reinterpret pc=0x0000000002bfc9e8 method=java.util.regex.Pattern$BmpCharProperty.match(Ljava/util/regex/Matcher;ILjava/lang/CharSequence;)Z @ 34
Event: 4.265 Thread 0x000000001c025800 Uncommon trap: reason=unstable_if action=reinterpret pc=0x0000000002b57e3c method=java.lang.CharacterDataLatin1.isWhitespace(I)Z @ 14
Event: 4.317 Thread 0x000000001c025800 Uncommon trap: reason=class_check action=maybe_recompile pc=0x00000000033b385c method=sun.security.util.math.intpoly.IntegerPolynomial$MutableElement.setSum(Lsun/security/util/math/IntegerModuloP;)Lsun/security/util/math/intpoly/IntegerPolynomial$MutableE
Event: 4.317 Thread 0x000000001c025800 Uncommon trap: reason=class_check action=maybe_recompile pc=0x00000000033b385c method=sun.security.util.math.intpoly.IntegerPolynomial$MutableElement.setSum(Lsun/security/util/math/IntegerModuloP;)Lsun/security/util/math/intpoly/IntegerPolynomial$MutableE
Event: 4.317 Thread 0x000000001c025800 Uncommon trap: reason=class_check action=maybe_recompile pc=0x00000000033b385c method=sun.security.util.math.intpoly.IntegerPolynomial$MutableElement.setSum(Lsun/security/util/math/IntegerModuloP;)Lsun/security/util/math/intpoly/IntegerPolynomial$MutableE
Event: 4.317 Thread 0x000000001c025800 Uncommon trap: reason=class_check action=maybe_recompile pc=0x00000000033b385c method=sun.security.util.math.intpoly.IntegerPolynomial$MutableElement.setSum(Lsun/security/util/math/IntegerModuloP;)Lsun/security/util/math/intpoly/IntegerPolynomial$MutableE

Classes redefined (0 events):
No events

Internal exceptions (10 events):
Event: 3.770 Thread 0x000000001c025800 Exception <a 'java/lang/ClassNotFoundException': org/gradle/api/internal/DefaultNamedDomainObjectListBeanInfo> (0x00000000d8f55588) thrown at [C:\src\AOSP-openjdk-git\hotspot\src\share\vm\classfile\systemDictionary.cpp, line 210]
Event: 3.771 Thread 0x000000001c025800 Exception <a 'java/lang/ClassNotFoundException': org/gradle/api/internal/DefaultNamedDomainObjectCollectionBeanInfo> (0x00000000d8f8c740) thrown at [C:\src\AOSP-openjdk-git\hotspot\src\share\vm\classfile\systemDictionary.cpp, line 210]
Event: 3.772 Thread 0x000000001c025800 Exception <a 'java/lang/ClassNotFoundException': org/gradle/api/internal/DefaultDomainObjectCollectionBeanInfo> (0x00000000d8fc2158) thrown at [C:\src\AOSP-openjdk-git\hotspot\src\share\vm\classfile\systemDictionary.cpp, line 210]
Event: 3.773 Thread 0x000000001c025800 Exception <a 'java/lang/ClassNotFoundException': org/gradle/api/internal/DefaultDomainObjectCollectionCustomizer> (0x00000000d8ff86e0) thrown at [C:\src\AOSP-openjdk-git\hotspot\src\share\vm\classfile\systemDictionary.cpp, line 210]
Event: 3.774 Thread 0x000000001c025800 Exception <a 'java/lang/ClassNotFoundException': org/gradle/api/internal/DefaultNamedDomainObjectCollectionCustomizer> (0x00000000d9058000) thrown at [C:\src\AOSP-openjdk-git\hotspot\src\share\vm\classfile\systemDictionary.cpp, line 210]
Event: 3.776 Thread 0x000000001c025800 Exception <a 'java/lang/ClassNotFoundException': org/gradle/api/internal/DefaultNamedDomainObjectListCustomizer> (0x00000000d90c74d0) thrown at [C:\src\AOSP-openjdk-git\hotspot\src\share\vm\classfile\systemDictionary.cpp, line 210]
Event: 3.777 Thread 0x000000001c025800 Exception <a 'java/lang/ClassNotFoundException': org/gradle/api/internal/artifacts/DefaultArtifactRepositoryContainerCustomizer> (0x00000000d913e4c0) thrown at [C:\src\AOSP-openjdk-git\hotspot\src\share\vm\classfile\systemDictionary.cpp, line 210]
Event: 3.778 Thread 0x000000001c025800 Exception <a 'java/lang/ClassNotFoundException': org/gradle/api/internal/artifacts/dsl/DefaultRepositoryHandlerCustomizer> (0x00000000d91a6350) thrown at [C:\src\AOSP-openjdk-git\hotspot\src\share\vm\classfile\systemDictionary.cpp, line 210]
Event: 3.779 Thread 0x000000001c025800 Exception <a 'java/lang/ClassNotFoundException': org/gradle/api/internal/artifacts/dsl/DefaultRepositoryHandler_DecoratedCustomizer> (0x00000000d9224a70) thrown at [C:\src\AOSP-openjdk-git\hotspot\src\share\vm\classfile\systemDictionary.cpp, line 210]
Event: 3.893 Thread 0x000000001c025800 Implicit null exception at 0x0000000002874656 to 0x00000000028749e9

Events (10 events):
Event: 4.317 Thread 0x000000001c025800 DEOPT UNPACKING pc=0x000000000266557b sp=0x000000001da87d48 mode 2
Event: 4.317 Thread 0x000000001c025800 Uncommon trap: trap_request=0xffffffde fr.pc=0x00000000033b385c
Event: 4.317 Thread 0x000000001c025800 DEOPT PACKING pc=0x00000000033b385c sp=0x000000001da87db0
Event: 4.317 Thread 0x000000001c025800 DEOPT UNPACKING pc=0x000000000266557b sp=0x000000001da87d48 mode 2
Event: 4.317 Thread 0x000000001c025800 Uncommon trap: trap_request=0xffffffde fr.pc=0x00000000033b385c
Event: 4.317 Thread 0x000000001c025800 DEOPT PACKING pc=0x00000000033b385c sp=0x000000001da87db0
Event: 4.317 Thread 0x000000001c025800 DEOPT UNPACKING pc=0x000000000266557b sp=0x000000001da87d48 mode 2
Event: 4.317 Thread 0x000000001c025800 Uncommon trap: trap_request=0xffffffde fr.pc=0x00000000033b385c
Event: 4.317 Thread 0x000000001c025800 DEOPT PACKING pc=0x00000000033b385c sp=0x000000001da87db0
Event: 4.317 Thread 0x000000001c025800 DEOPT UNPACKING pc=0x000000000266557b sp=0x000000001da87d48 mode 2


Dynamic libraries:
0x00007ff79ef30000 - 0x00007ff79ef61000 	D:\3em\vl\jre\bin\java.exe
0x00007ffb7b0a0000 - 0x00007ffb7b290000 	C:\WINDOWS\SYSTEM32\ntdll.dll
0x00007ffb59cc0000 - 0x00007ffb59cd3000 	C:\Program Files\AVAST Software\Avast\aswhook.dll
0x00007ffb79410000 - 0x00007ffb794c2000 	C:\WINDOWS\System32\KERNEL32.DLL
0x00007ffb780e0000 - 0x00007ffb78383000 	C:\WINDOWS\System32\KERNELBASE.dll
0x00007ffb76150000 - 0x00007ffb761df000 	C:\WINDOWS\SYSTEM32\apphelp.dll
0x00007ffb7ac80000 - 0x00007ffb7ad23000 	C:\WINDOWS\System32\ADVAPI32.dll
0x00007ffb79150000 - 0x00007ffb791ee000 	C:\WINDOWS\System32\msvcrt.dll
0x00007ffb795b0000 - 0x00007ffb79647000 	C:\WINDOWS\System32\sechost.dll
0x00007ffb7ad30000 - 0x00007ffb7ae50000 	C:\WINDOWS\System32\RPCRT4.dll
0x00007ffb791f0000 - 0x00007ffb79384000 	C:\WINDOWS\System32\USER32.dll
0x00007ffb780b0000 - 0x00007ffb780d1000 	C:\WINDOWS\System32\win32u.dll
0x00007ffb79e30000 - 0x00007ffb79e56000 	C:\WINDOWS\System32\GDI32.dll
0x00007ffb78fb0000 - 0x00007ffb79144000 	C:\WINDOWS\System32\gdi32full.dll
0x00007ffb78490000 - 0x00007ffb7852e000 	C:\WINDOWS\System32\msvcp_win.dll
0x00007ffb78590000 - 0x00007ffb7868a000 	C:\WINDOWS\System32\ucrtbase.dll
0x00007ffb67b00000 - 0x00007ffb67d85000 	C:\WINDOWS\WinSxS\amd64_microsoft.windows.common-controls_6595b64144ccf1df_6.0.18362.778_none_e6c6b761130d4fb8\COMCTL32.dll
0x00007ffb79af0000 - 0x00007ffb79e26000 	C:\WINDOWS\System32\combase.dll
0x00007ffb78030000 - 0x00007ffb780b0000 	C:\WINDOWS\System32\bcryptPrimitives.dll
0x00007ffb79650000 - 0x00007ffb7967e000 	C:\WINDOWS\System32\IMM32.DLL
0x0000000050410000 - 0x00000000504e2000 	D:\3em\vl\jre\jre\bin\msvcr100.dll
0x0000000074970000 - 0x00000000751bb000 	D:\3em\vl\jre\jre\bin\server\jvm.dll
0x00007ffb7a920000 - 0x00007ffb7a928000 	C:\WINDOWS\System32\PSAPI.DLL
0x00007ffb6fef0000 - 0x00007ffb6fef9000 	C:\WINDOWS\SYSTEM32\WSOCK32.dll
0x00007ffb79f30000 - 0x00007ffb79f9f000 	C:\WINDOWS\System32\WS2_32.dll
0x00007ffb6ada0000 - 0x00007ffb6adc4000 	C:\WINDOWS\SYSTEM32\WINMM.dll
0x00007ffb742f0000 - 0x00007ffb742fa000 	C:\WINDOWS\SYSTEM32\VERSION.dll
0x00007ffb6ad00000 - 0x00007ffb6ad2d000 	C:\WINDOWS\SYSTEM32\WINMMBASE.dll
0x00007ffb78f60000 - 0x00007ffb78faa000 	C:\WINDOWS\System32\cfgmgr32.dll
0x00007ffb73ee0000 - 0x00007ffb73eef000 	D:\3em\vl\jre\jre\bin\verify.dll
0x00007ffb66020000 - 0x00007ffb66049000 	D:\3em\vl\jre\jre\bin\java.dll
0x00007ffb71c70000 - 0x00007ffb71c86000 	D:\3em\vl\jre\jre\bin\zip.dll
0x00007ffb7a0c0000 - 0x00007ffb7a7a5000 	C:\WINDOWS\System32\SHELL32.dll
0x00007ffb7ab00000 - 0x00007ffb7aba9000 	C:\WINDOWS\System32\shcore.dll
0x00007ffb787e0000 - 0x00007ffb78f60000 	C:\WINDOWS\System32\windows.storage.dll
0x00007ffb77fb0000 - 0x00007ffb77fd3000 	C:\WINDOWS\System32\profapi.dll
0x00007ffb77fe0000 - 0x00007ffb7802a000 	C:\WINDOWS\System32\powrprof.dll
0x00007ffb77f60000 - 0x00007ffb77f70000 	C:\WINDOWS\System32\UMPDC.dll
0x00007ffb79ed0000 - 0x00007ffb79f22000 	C:\WINDOWS\System32\shlwapi.dll
0x00007ffb77f70000 - 0x00007ffb77f81000 	C:\WINDOWS\System32\kernel.appcore.dll
0x00007ffb78470000 - 0x00007ffb78487000 	C:\WINDOWS\System32\cryptsp.dll
0x00007ffb6c440000 - 0x00007ffb6c45a000 	D:\3em\vl\jre\jre\bin\net.dll
0x00007ffb77770000 - 0x00007ffb777d7000 	C:\WINDOWS\system32\mswsock.dll
0x00007ffb6aee0000 - 0x00007ffb6aef3000 	D:\3em\vl\jre\jre\bin\nio.dll
0x00007ffb66220000 - 0x00007ffb66246000 	C:\Users\1Studio\.gradle\native\31\windows-amd64\native-platform.dll
0x00007ffb72440000 - 0x00007ffb7244d000 	D:\3em\vl\jre\jre\bin\management.dll
0x00007ffb772e0000 - 0x00007ffb77313000 	C:\WINDOWS\system32\rsaenh.dll
0x00007ffb78390000 - 0x00007ffb783b6000 	C:\WINDOWS\System32\bcrypt.dll
0x00007ffb77e80000 - 0x00007ffb77ea5000 	C:\WINDOWS\SYSTEM32\USERENV.dll
0x00007ffb77940000 - 0x00007ffb7794c000 	C:\WINDOWS\SYSTEM32\CRYPTBASE.dll
0x00007ffb77480000 - 0x00007ffb774ba000 	C:\WINDOWS\SYSTEM32\IPHLPAPI.DLL
0x00007ffb7a910000 - 0x00007ffb7a918000 	C:\WINDOWS\System32\NSI.dll
0x00007ffb737d0000 - 0x00007ffb737e6000 	C:\WINDOWS\SYSTEM32\dhcpcsvc6.DLL
0x00007ffb73390000 - 0x00007ffb733ac000 	C:\WINDOWS\SYSTEM32\dhcpcsvc.DLL
0x00007ffb774c0000 - 0x00007ffb7758a000 	C:\WINDOWS\SYSTEM32\DNSAPI.dll
0x00007ffb72380000 - 0x00007ffb723a4000 	D:\3em\vl\jre\jre\bin\sunec.dll
0x00007ffb71a20000 - 0x00007ffb71a2a000 	C:\Windows\System32\rasadhlp.dll
0x00007ffb72c60000 - 0x00007ffb72cd7000 	C:\WINDOWS\System32\fwpuclnt.dll
0x00007ffb72370000 - 0x00007ffb7237b000 	D:\3em\vl\jre\jre\bin\sunmscapi.dll
0x00007ffb78690000 - 0x00007ffb787d9000 	C:\WINDOWS\System32\CRYPT32.dll
0x00007ffb77f90000 - 0x00007ffb77fa2000 	C:\WINDOWS\System32\MSASN1.dll

VM Arguments:
jvm_args: -Xmx2048m -Dfile.encoding=windows-1251 -Duser.country=RU -Duser.language=ru -Duser.variant 
java_command: org.gradle.launcher.daemon.bootstrap.GradleDaemon 6.1.1
java_class_path (initial): C:\Users\1Studio\.gradle\wrapper\dists\gradle-6.1.1-all\cfmwm155h49vnt3hynmlrsdst\gradle-6.1.1\lib\gradle-launcher-6.1.1.jar
Launcher Type: SUN_STANDARD

Environment Variables:
PATH=C:\Program Files (x86)\Google\Chrome\Application;C:\Program Files (x86)\Common Files\Oracle\Java\javapath;C:\ProgramData\Oracle\Java\javapath;C:\Program Files (x86)\Common Files\Intel\Shared Libraries\redist\intel64\compiler;C:\WINDOWS\system32;C:\WINDOWS;C:\WINDOWS\System32\Wbem;C:\WINDOWS\System32\WindowsPowerShell\v1.0\;C:\Program Files\Common Files\Autodesk Shared\;C:\Program Files (x86)\Autodesk\Backburner\;C:\Program Files (x86)\GtkSharp\2.12\bin;C:\QuickTime\QTSystem\;C:\WINDOWS\System32\OpenSSH\;C:\Program Files\nodejs\;C:\Users\1Studio\AppData\Local\Microsoft\WindowsApps;;D:\Programs\Microsoft VS Code\bin;C:\Users\1Studio\AppData\Roaming\npm
USERNAME=1Studio
OS=Windows_NT
PROCESSOR_IDENTIFIER=Intel64 Family 6 Model 60 Stepping 3, GenuineIntel



---------------  S Y S T E M  ---------------

OS: Windows 10.0 , 64 bit Build 18362 (10.0.18362.778)

CPU:total 8 (initial active 8) (4 cores per cpu, 2 threads per core) family 6 model 60 stepping 3, cmov, cx8, fxsr, mmx, sse, sse2, sse3, ssse3, sse4.1, sse4.2, popcnt, avx, avx2, aes, clmul, erms, lzcnt, ht, tsc, tscinvbit, bmi1, bmi2

Memory: 4k page, physical 16718680k(3917460k free), swap 31185796k(6540k free)

vm_info: OpenJDK 64-Bit Server VM (25.242-b01) for windows-amd64 JRE (1.8.0_242-release-1644-b01), built by "builder" with MS VC++ 10.0 (VS2010)

time: Fri May 29 05:11:28 2020
timezone: RTZ 2 (зима)
elapsed time: 4 seconds (0d 0h 0m 4s)

